<?xml version="1.0" encoding="UTF-8"?>
<testng-results ignored="0" total="1" passed="1" failed="0" skipped="0">
  <reporter-output>
  </reporter-output>
  <suite started-at="2026-05-28T20:19:38 IST" name="Suite" finished-at="2026-05-28T20:19:38 IST" duration-ms="58">
    <groups>
      <group name="regression">
        <method signature="Demo2Test.Movie2Test()[pri:0, instance:Practice.Demo2Test@1ffaf86]" name="Movie2Test" class="Practice.Demo2Test"/>
      </group> <!-- regression -->
    </groups>
    <test started-at="2026-05-28T20:19:38 IST" name="Test" finished-at="2026-05-28T20:19:38 IST" duration-ms="58">
      <class name="Practice.Demo2Test">
        <test-method signature="Movie2Test()[pri:0, instance:Practice.Demo2Test@1ffaf86]" started-at="2026-05-28T20:19:38 IST" name="Movie2Test" finished-at="2026-05-28T20:19:38 IST" duration-ms="12" status="PASS">
          <reporter-output>
          </reporter-output>
        </test-method> <!-- Movie2Test -->
      </class> <!-- Practice.Demo2Test -->
    </test> <!-- Test -->
  </suite> <!-- Suite -->
</testng-results>
